<?xml version="1.0" encoding="UTF-8"?>
<!-- Generated by org.testng.reporters.JUnitReportReporter -->
<testsuite skipped="0" hostname="MUMRBIT-34" name="testCase001.TestCase001" tests="1" failures="0" timestamp="05 Nov 2019 12:53:24 GMT" time="69.273" errors="0">
  <testcase name="Test0001" time="69.273" classname="testCase001.TestCase001"/>
</testsuite> <!-- testCase001.TestCase001 -->
