<?xml version="1.0" encoding="UTF-8"?>
<!-- Generated by org.testng.reporters.JUnitReportReporter -->
<testsuite skipped="0" hostname="MUMRBIT-34" name="testCase001.TestCase001" tests="1" failures="0" timestamp="04 Nov 2019 10:05:35 GMT" time="76.967" errors="0">
  <testcase name="Test0001" time="76.967" classname="testCase001.TestCase001"/>
</testsuite> <!-- testCase001.TestCase001 -->
