<?xml version="1.0" encoding="UTF-8"?>
<!-- Generated by org.testng.reporters.JUnitReportReporter -->
<testsuite skipped="0" hostname="MUMRBIT-34" name="testCase001.TestCase001" tests="2" failures="0" timestamp="05 Dec 2019 11:26:45 GMT" time="62.211" errors="0">
  <testcase name="verifyTPText" time="30.692" classname="testCase001.TestCase001"/>
  <testcase name="verifyComprehensiveText" time="31.519" classname="testCase001.TestCase001"/>
</testsuite> <!-- testCase001.TestCase001 -->
